platforms/android/app/build/outputs/logs/manifest-merger-release-report.txt
-- Merging decision tree log ---
manifest
ADDED from src/main/AndroidManifest.xml:2:1-16:12
INJECTED from src/main/AndroidManifest.xml:2:1-16:12
INJECTED from src/main/AndroidManifest.xml:2:1-16:12
INJECTED from src/main/AndroidManifest.xml:2:1-16:12
MERGED from [com.razorpay:checkout:1.4.7] AndroidManifest.xml:2:1-33:12
MERGED from [:CordovaLib] AndroidManifest.xml:20:1-27:12
INJECTED from src/main/AndroidManifest.xml:2:1-16:12
INJECTED from src/main/AndroidManifest.xml:2:1-16:12
INJECTED from src/main/AndroidManifest.xml:2:1-16:12
	package
		ADDED from src/main/AndroidManifest.xml:2:98-124
		INJECTED from src/main/AndroidManifest.xml
		INJECTED from src/main/AndroidManifest.xml
	android:versionName
		ADDED from src/main/AndroidManifest.xml:2:70-97
		INJECTED from src/main/AndroidManifest.xml
		INJECTED from src/main/AndroidManifest.xml
	android:hardwareAccelerated
		ADDED from src/main/AndroidManifest.xml:2:11-45
	xmlns:android
		ADDED from src/main/AndroidManifest.xml:2:125-183
	android:versionCode
		ADDED from src/main/AndroidManifest.xml:2:46-69
		INJECTED from src/main/AndroidManifest.xml
		INJECTED from src/main/AndroidManifest.xml
supports-screens
ADDED from src/main/AndroidManifest.xml:3:5-191
	android:largeScreens
		ADDED from src/main/AndroidManifest.xml:3:49-76
	android:smallScreens
		ADDED from src/main/AndroidManifest.xml:3:132-159
	android:normalScreens
		ADDED from src/main/AndroidManifest.xml:3:77-105
	android:xlargeScreens
		ADDED from src/main/AndroidManifest.xml:3:160-188
	android:resizeable
		ADDED from src/main/AndroidManifest.xml:3:106-131
	android:anyDensity
		ADDED from src/main/AndroidManifest.xml:3:23-48
uses-permission#android.permission.INTERNET
ADDED from src/main/AndroidManifest.xml:4:5-67
MERGED from [com.razorpay:checkout:1.4.7] AndroidManifest.xml:9:5-67
MERGED from [com.razorpay:checkout:1.4.7] AndroidManifest.xml:9:5-67
	android:name
		ADDED from src/main/AndroidManifest.xml:4:22-64
application
ADDED from src/main/AndroidManifest.xml:5:5-12:19
MERGED from [com.razorpay:checkout:1.4.7] AndroidManifest.xml:12:5-31:19
MERGED from [com.razorpay:checkout:1.4.7] AndroidManifest.xml:12:5-31:19
	android:supportsRtl
		ADDED from src/main/AndroidManifest.xml:5:114-140
	android:label
		ADDED from src/main/AndroidManifest.xml:5:81-113
	android:hardwareAccelerated
		ADDED from src/main/AndroidManifest.xml:5:18-52
	android:icon
		ADDED from src/main/AndroidManifest.xml:5:53-80
activity#io.ionic.starter.MainActivity
ADDED from src/main/AndroidManifest.xml:6:9-11:20
	android:label
		ADDED from src/main/AndroidManifest.xml:6:97-134
	android:launchMode
		ADDED from src/main/AndroidManifest.xml:6:135-165
	android:windowSoftInputMode
		ADDED from src/main/AndroidManifest.xml:6:257-299
	android:configChanges
		ADDED from src/main/AndroidManifest.xml:6:19-96
	android:theme
		ADDED from src/main/AndroidManifest.xml:6:194-256
	android:name
		ADDED from src/main/AndroidManifest.xml:6:166-193
intent-filter#android.intent.action.MAIN+android.intent.category.LAUNCHER
ADDED from src/main/AndroidManifest.xml:7:13-10:29
	android:label
		ADDED from src/main/AndroidManifest.xml:7:28-65
action#android.intent.action.MAIN
ADDED from src/main/AndroidManifest.xml:8:17-69
	android:name
		ADDED from src/main/AndroidManifest.xml:8:25-66
category#android.intent.category.LAUNCHER
ADDED from src/main/AndroidManifest.xml:9:17-77
	android:name
		ADDED from src/main/AndroidManifest.xml:9:27-74
uses-sdk
ADDED from src/main/AndroidManifest.xml:13:5-74
MERGED from [com.razorpay:checkout:1.4.7] AndroidManifest.xml:5:5-7:41
MERGED from [com.razorpay:checkout:1.4.7] AndroidManifest.xml:5:5-7:41
MERGED from [:CordovaLib] AndroidManifest.xml:25:5-44
MERGED from [:CordovaLib] AndroidManifest.xml:25:5-44
	android:targetSdkVersion
		ADDED from src/main/AndroidManifest.xml:13:42-71
	android:minSdkVersion
		ADDED from src/main/AndroidManifest.xml:13:15-41
uses-permission#android.permission.RECEIVE_SMS
ADDED from src/main/AndroidManifest.xml:14:5-70
	android:name
		ADDED from src/main/AndroidManifest.xml:14:22-67
uses-permission#android.permission.WRITE_EXTERNAL_STORAGE
ADDED from src/main/AndroidManifest.xml:15:5-81
	android:name
		ADDED from src/main/AndroidManifest.xml:15:22-78
uses-permission#android.permission.ACCESS_NETWORK_STATE
ADDED from [com.razorpay:checkout:1.4.7] AndroidManifest.xml:10:5-79
	android:name
		ADDED from [com.razorpay:checkout:1.4.7] AndroidManifest.xml:10:22-76
activity#com.razorpay.CheckoutActivity
ADDED from [com.razorpay:checkout:1.4.7] AndroidManifest.xml:13:9-24:20
	android:configChanges
		ADDED from [com.razorpay:checkout:1.4.7] AndroidManifest.xml:15:13-83
	android:theme
		ADDED from [com.razorpay:checkout:1.4.7] AndroidManifest.xml:16:13-49
	android:name
		ADDED from [com.razorpay:checkout:1.4.7] AndroidManifest.xml:14:13-57
intent-filter#android.intent.action.MAIN
ADDED from [com.razorpay:checkout:1.4.7] AndroidManifest.xml:17:13-23:29
data
ADDED from [com.razorpay:checkout:1.4.7] AndroidManifest.xml:20:17-22:47
	android:host
		ADDED from [com.razorpay:checkout:1.4.7] AndroidManifest.xml:21:21-42
	android:scheme
		ADDED from [com.razorpay:checkout:1.4.7] AndroidManifest.xml:22:21-44
receiver#com.razorpay.RzpTokenReceiver
ADDED from [com.razorpay:checkout:1.4.7] AndroidManifest.xml:26:9-30:20
	android:name
		ADDED from [com.razorpay:checkout:1.4.7] AndroidManifest.xml:26:19-63
intent-filter#rzp.device_token.share
ADDED from [com.razorpay:checkout:1.4.7] AndroidManifest.xml:27:13-29:29
action#rzp.device_token.share
ADDED from [com.razorpay:checkout:1.4.7] AndroidManifest.xml:28:17-65
	android:name
		ADDED from [com.razorpay:checkout:1.4.7] AndroidManifest.xml:28:25-62